[debug] [2020-09-24T09:38:30.316Z] ----------------------------------------------------------------------
[debug] [2020-09-24T09:38:30.318Z] Command:       C:\Program Files\nodejs\node.exe C:\Users\pasha\AppData\Roaming\npm\node_modules\firebase-tools\lib\bin\firebase.js emulators:start
[debug] [2020-09-24T09:38:30.318Z] CLI Version:   8.11.0
[debug] [2020-09-24T09:38:30.318Z] Platform:      win32
[debug] [2020-09-24T09:38:30.318Z] Node Version:  v14.9.0
[debug] [2020-09-24T09:38:30.319Z] Time:          Thu Sep 24 2020 11:38:30 GMT+0200 (Eastern European Standard Time)
[debug] [2020-09-24T09:38:30.319Z] ----------------------------------------------------------------------
[debug] [2020-09-24T09:38:30.319Z] 
[debug] [2020-09-24T09:38:30.330Z] > command requires scopes: ["email","openid","https://www.googleapis.com/auth/cloudplatformprojects.readonly","https://www.googleapis.com/auth/firebase","https://www.googleapis.com/auth/cloud-platform"]
[debug] [2020-09-24T09:38:30.330Z] > authorizing via signed-in user
[info] i  emulators: Starting emulators: functions, hosting {"metadata":{"emulator":{"name":"hub"},"message":"Starting emulators: functions, hosting"}}
[debug] [2020-09-24T09:38:30.394Z] [hub] writing locator at C:\Users\pasha\AppData\Local\Temp\hub-fir-a0b5a.json
[warn] !  functions: The following emulators are not running, calls to these services from the Functions emulator will affect production: auth, firestore, database, pubsub {"metadata":{"emulator":{"name":"functions"},"message":"The following emulators are not running, calls to these services from the Functions emulator will affect production: \u001b[1mauth, firestore, database, pubsub\u001b[22m"}}
[warn] !  Your requested "node" version "10" doesn't match your global version "14" {"metadata":{"emulator":{"name":"functions"},"message":"Your requested \"node\" version \"10\" doesn't match your global version \"14\""}}
[debug] [2020-09-24T09:38:30.427Z] defaultcredentials: writing to file C:\Users\pasha\AppData\Roaming\firebase\jojoyossefbasha010_gmail_com_application_default_credentials.json
[debug] [2020-09-24T09:38:30.431Z] Setting GAC to C:\Users\pasha\AppData\Roaming\firebase\jojoyossefbasha010_gmail_com_application_default_credentials.json {"metadata":{"emulator":{"name":"functions"},"message":"Setting GAC to C:\\Users\\pasha\\AppData\\Roaming\\firebase\\jojoyossefbasha010_gmail_com_application_default_credentials.json"}}
[debug] [2020-09-24T09:38:30.443Z] > refreshing access token with scopes: ["email","https://www.googleapis.com/auth/cloud-platform","https://www.googleapis.com/auth/cloudplatformprojects.readonly","https://www.googleapis.com/auth/firebase","openid"]
[debug] [2020-09-24T09:38:30.443Z] >>> HTTP REQUEST POST https://www.googleapis.com/oauth2/v3/token  
 <request body omitted>
[debug] [2020-09-24T09:38:30.650Z] <<< HTTP RESPONSE 200 {"content-type":"application/json; charset=utf-8","vary":"X-Origin, Referer, Origin,Accept-Encoding","date":"Thu, 24 Sep 2020 09:38:30 GMT","server":"scaffolding on HTTPServer2","cache-control":"private","x-xss-protection":"0","x-frame-options":"SAMEORIGIN","x-content-type-options":"nosniff","alt-svc":"h3-Q050=\":443\"; ma=2592000,h3-29=\":443\"; ma=2592000,h3-27=\":443\"; ma=2592000,h3-T051=\":443\"; ma=2592000,h3-T050=\":443\"; ma=2592000,h3-Q046=\":443\"; ma=2592000,h3-Q043=\":443\"; ma=2592000,quic=\":443\"; ma=2592000; v=\"46,43\"","accept-ranges":"none","transfer-encoding":"chunked"}
[debug] [2020-09-24T09:38:30.654Z] >>> HTTP REQUEST GET https://firebase.googleapis.com/v1beta1/projects/fir-a0b5a/webApps/-/config  
 
[debug] [2020-09-24T09:38:31.567Z] <<< HTTP RESPONSE 200 {"content-type":"application/json; charset=UTF-8","vary":"X-Origin, Referer, Origin,Accept-Encoding","date":"Thu, 24 Sep 2020 09:38:31 GMT","server":"ESF","cache-control":"private","x-xss-protection":"0","x-frame-options":"SAMEORIGIN","x-content-type-options":"nosniff","alt-svc":"h3-Q050=\":443\"; ma=2592000,h3-29=\":443\"; ma=2592000,h3-27=\":443\"; ma=2592000,h3-T051=\":443\"; ma=2592000,h3-T050=\":443\"; ma=2592000,h3-Q046=\":443\"; ma=2592000,h3-Q043=\":443\"; ma=2592000,quic=\":443\"; ma=2592000; v=\"46,43\"","accept-ranges":"none","transfer-encoding":"chunked"}
[info] i  hosting: Serving hosting files from: build {"metadata":{"emulator":{"name":"hosting"},"message":"Serving hosting files from: \u001b[1mbuild\u001b[22m"}}
[info] +  hosting: Local server: http://localhost:5000 {"metadata":{"emulator":{"name":"hosting"},"message":"Local server: \u001b[4m\u001b[1mhttp://localhost:5000\u001b[22m\u001b[24m"}}
[info] i  ui: downloading ui-v1.1.1.zip... {"metadata":{"emulator":{"name":"ui"},"message":"downloading ui-v1.1.1.zip..."}}
[debug] [2020-09-24T09:38:33.890Z] Ignoring unsupported arg: auto_download {"metadata":{"emulator":{"name":"ui"},"message":"Ignoring unsupported arg: auto_download"}}
[debug] [2020-09-24T09:38:33.891Z] Ignoring unsupported arg: port {"metadata":{"emulator":{"name":"ui"},"message":"Ignoring unsupported arg: port"}}
[debug] [2020-09-24T09:38:33.891Z] Starting Emulator UI with command {"binary":"node","args":["C:\\Users\\pasha\\.cache\\firebase\\emulators\\ui-v1.1.1\\server.bundle.js"],"optionalArgs":[],"joinArgs":false} {"metadata":{"emulator":{"name":"ui"},"message":"Starting Emulator UI with command {\"binary\":\"node\",\"args\":[\"C:\\\\Users\\\\pasha\\\\.cache\\\\firebase\\\\emulators\\\\ui-v1.1.1\\\\server.bundle.js\"],\"optionalArgs\":[],\"joinArgs\":false}"}}
[info] i  ui: Emulator UI logging to ui-debug.log {"metadata":{"emulator":{"name":"ui"},"message":"Emulator UI logging to \u001b[1mui-debug.log\u001b[22m"}}
[debug] [2020-09-24T09:38:34.006Z] Web / API server started at http://localhost:4000
 {"metadata":{"emulator":{"name":"ui"},"message":"Web / API server started at http://localhost:4000\n"}}
[info] i  functions: Watching "C:\Users\pasha\Desktop\amazon\functions" for Cloud Functions... {"metadata":{"emulator":{"name":"functions"},"message":"Watching \"C:\\Users\\pasha\\Desktop\\amazon\\functions\" for Cloud Functions..."}}
[debug] [2020-09-24T09:38:34.181Z] [worker-pool] addWorker(~diagnostic~) {"metadata":{"emulator":{"name":"functions"},"message":"[worker-pool] addWorker(~diagnostic~)"}}
[debug] [2020-09-24T09:38:34.181Z] [worker-pool] Adding worker with key ~diagnostic~, total=1 {"metadata":{"emulator":{"name":"functions"},"message":"[worker-pool] Adding worker with key ~diagnostic~, total=1"}}
[debug] [2020-09-24T09:38:34.181Z] [worker-pool] submitWork(triggerId=) {"metadata":{"emulator":{"name":"functions"},"message":"[worker-pool] submitWork(triggerId=)"}}
[debug] [2020-09-24T09:38:34.182Z] [worker-~diagnostic~-b5d7d4d0-6f80-47c2-953a-9f7a0f94be76]: Assigning socketPath: \\?\pipe\C:\Users\pasha\Desktop\amazon\functions\12192 {"metadata":{"emulator":{"name":"functions"},"message":"[worker-~diagnostic~-b5d7d4d0-6f80-47c2-953a-9f7a0f94be76]: Assigning socketPath: \\\\?\\pipe\\C:\\Users\\pasha\\Desktop\\amazon\\functions\\12192"}}
[debug] [2020-09-24T09:38:34.182Z] [worker-~diagnostic~-b5d7d4d0-6f80-47c2-953a-9f7a0f94be76]: BUSY {"metadata":{"emulator":{"name":"functions"},"message":"[worker-~diagnostic~-b5d7d4d0-6f80-47c2-953a-9f7a0f94be76]: BUSY"}}
[debug] [2020-09-24T09:38:34.605Z] [runtime-status] [12192] Functions runtime initialized. {"cwd":"C:\\Users\\pasha\\Desktop\\amazon\\functions","node_version":"14.9.0"} {"metadata":{"emulator":{"name":"functions"},"message":"[runtime-status] [12192] Functions runtime initialized. {\"cwd\":\"C:\\\\Users\\\\pasha\\\\Desktop\\\\amazon\\\\functions\",\"node_version\":\"14.9.0\"}"}}
[debug] [2020-09-24T09:38:34.609Z] [runtime-status] [12192] Disabled runtime features: undefined {"metadata":{"emulator":{"name":"functions"},"message":"[runtime-status] [12192] Disabled runtime features: undefined"}}
[debug] [2020-09-24T09:38:34.612Z] [runtime-status] [12192] Resolved module firebase-admin {"declared":true,"installed":true,"version":"8.13.0","resolution":"C:\\Users\\pasha\\Desktop\\amazon\\functions\\node_modules\\firebase-admin\\lib\\index.js"} {"metadata":{"emulator":{"name":"functions"},"message":"[runtime-status] [12192] Resolved module firebase-admin {\"declared\":true,\"installed\":true,\"version\":\"8.13.0\",\"resolution\":\"C:\\\\Users\\\\pasha\\\\Desktop\\\\amazon\\\\functions\\\\node_modules\\\\firebase-admin\\\\lib\\\\index.js\"}"}}
[debug] [2020-09-24T09:38:34.614Z] [runtime-status] [12192] Resolved module firebase-functions {"declared":true,"installed":true,"version":"3.11.0","resolution":"C:\\Users\\pasha\\Desktop\\amazon\\functions\\node_modules\\firebase-functions\\lib\\index.js"} {"metadata":{"emulator":{"name":"functions"},"message":"[runtime-status] [12192] Resolved module firebase-functions {\"declared\":true,\"installed\":true,\"version\":\"3.11.0\",\"resolution\":\"C:\\\\Users\\\\pasha\\\\Desktop\\\\amazon\\\\functions\\\\node_modules\\\\firebase-functions\\\\lib\\\\index.js\"}"}}
[debug] [2020-09-24T09:38:34.615Z] [runtime-status] [12192] Resolved module firebase-functions {"declared":true,"installed":true,"version":"3.11.0","resolution":"C:\\Users\\pasha\\Desktop\\amazon\\functions\\node_modules\\firebase-functions\\lib\\index.js"} {"metadata":{"emulator":{"name":"functions"},"message":"[runtime-status] [12192] Resolved module firebase-functions {\"declared\":true,\"installed\":true,\"version\":\"3.11.0\",\"resolution\":\"C:\\\\Users\\\\pasha\\\\Desktop\\\\amazon\\\\functions\\\\node_modules\\\\firebase-functions\\\\lib\\\\index.js\"}"}}
[debug] [2020-09-24T09:38:34.622Z] [runtime-status] [12192] Outgoing network have been stubbed. [{"name":"http","status":"mocked"},{"name":"http","status":"mocked"},{"name":"https","status":"mocked"},{"name":"https","status":"mocked"},{"name":"net","status":"mocked"}] {"metadata":{"emulator":{"name":"functions"},"message":"[runtime-status] [12192] Outgoing network have been stubbed. [{\"name\":\"http\",\"status\":\"mocked\"},{\"name\":\"http\",\"status\":\"mocked\"},{\"name\":\"https\",\"status\":\"mocked\"},{\"name\":\"https\",\"status\":\"mocked\"},{\"name\":\"net\",\"status\":\"mocked\"}]"}}
[debug] [2020-09-24T09:38:34.623Z] [runtime-status] [12192] Resolved module firebase-functions {"declared":true,"installed":true,"version":"3.11.0","resolution":"C:\\Users\\pasha\\Desktop\\amazon\\functions\\node_modules\\firebase-functions\\lib\\index.js"} {"metadata":{"emulator":{"name":"functions"},"message":"[runtime-status] [12192] Resolved module firebase-functions {\"declared\":true,\"installed\":true,\"version\":\"3.11.0\",\"resolution\":\"C:\\\\Users\\\\pasha\\\\Desktop\\\\amazon\\\\functions\\\\node_modules\\\\firebase-functions\\\\lib\\\\index.js\"}"}}
[debug] [2020-09-24T09:38:34.684Z] [runtime-status] [12192] Checked functions.config() {"config":{}} {"metadata":{"emulator":{"name":"functions"},"message":"[runtime-status] [12192] Checked functions.config() {\"config\":{}}"}}
[debug] [2020-09-24T09:38:34.684Z] [runtime-status] [12192] firebase-functions has been stubbed. {"functionsResolution":{"declared":true,"installed":true,"version":"3.11.0","resolution":"C:\\Users\\pasha\\Desktop\\amazon\\functions\\node_modules\\firebase-functions\\lib\\index.js"}} {"metadata":{"emulator":{"name":"functions"},"message":"[runtime-status] [12192] firebase-functions has been stubbed. {\"functionsResolution\":{\"declared\":true,\"installed\":true,\"version\":\"3.11.0\",\"resolution\":\"C:\\\\Users\\\\pasha\\\\Desktop\\\\amazon\\\\functions\\\\node_modules\\\\firebase-functions\\\\lib\\\\index.js\"}}"}}
[debug] [2020-09-24T09:38:34.686Z] [runtime-status] [12192] Resolved module firebase-functions {"declared":true,"installed":true,"version":"3.11.0","resolution":"C:\\Users\\pasha\\Desktop\\amazon\\functions\\node_modules\\firebase-functions\\lib\\index.js"} {"metadata":{"emulator":{"name":"functions"},"message":"[runtime-status] [12192] Resolved module firebase-functions {\"declared\":true,\"installed\":true,\"version\":\"3.11.0\",\"resolution\":\"C:\\\\Users\\\\pasha\\\\Desktop\\\\amazon\\\\functions\\\\node_modules\\\\firebase-functions\\\\lib\\\\index.js\"}"}}
[debug] [2020-09-24T09:38:34.687Z] [runtime-status] [12192] Resolved module firebase-admin {"declared":true,"installed":true,"version":"8.13.0","resolution":"C:\\Users\\pasha\\Desktop\\amazon\\functions\\node_modules\\firebase-admin\\lib\\index.js"} {"metadata":{"emulator":{"name":"functions"},"message":"[runtime-status] [12192] Resolved module firebase-admin {\"declared\":true,\"installed\":true,\"version\":\"8.13.0\",\"resolution\":\"C:\\\\Users\\\\pasha\\\\Desktop\\\\amazon\\\\functions\\\\node_modules\\\\firebase-admin\\\\lib\\\\index.js\"}"}}
[debug] [2020-09-24T09:38:34.688Z] [runtime-status] [12192] Resolved module firebase-functions {"declared":true,"installed":true,"version":"3.11.0","resolution":"C:\\Users\\pasha\\Desktop\\amazon\\functions\\node_modules\\firebase-functions\\lib\\index.js"} {"metadata":{"emulator":{"name":"functions"},"message":"[runtime-status] [12192] Resolved module firebase-functions {\"declared\":true,\"installed\":true,\"version\":\"3.11.0\",\"resolution\":\"C:\\\\Users\\\\pasha\\\\Desktop\\\\amazon\\\\functions\\\\node_modules\\\\firebase-functions\\\\lib\\\\index.js\"}"}}
[debug] [2020-09-24T09:38:34.688Z] [runtime-status] [12192] firebase-admin has been stubbed. {"adminResolution":{"declared":true,"installed":true,"version":"8.13.0","resolution":"C:\\Users\\pasha\\Desktop\\amazon\\functions\\node_modules\\firebase-admin\\lib\\index.js"}} {"metadata":{"emulator":{"name":"functions"},"message":"[runtime-status] [12192] firebase-admin has been stubbed. {\"adminResolution\":{\"declared\":true,\"installed\":true,\"version\":\"8.13.0\",\"resolution\":\"C:\\\\Users\\\\pasha\\\\Desktop\\\\amazon\\\\functions\\\\node_modules\\\\firebase-admin\\\\lib\\\\index.js\"}}"}}
[info] +  functions[api]: http function initialized (http://localhost:5001/fir-a0b5a/us-central1/api). {"metadata":{"emulator":{"name":"functions"},"message":"\u001b[1mhttp\u001b[22m function initialized (http://localhost:5001/fir-a0b5a/us-central1/api)."}}
[info] 
┌───────────────────────────────────────────────────────────────────────┐
│ ✔  All emulators ready! View status and logs at http://localhost:4000 │
└───────────────────────────────────────────────────────────────────────┘

┌───────────┬────────────────┬─────────────────────────────────┐
│ Emulator  │ Host:Port      │ View in Emulator UI             │
├───────────┼────────────────┼─────────────────────────────────┤
│ Functions │ localhost:5001 │ http://localhost:4000/functions │
├───────────┼────────────────┼─────────────────────────────────┤
│ Hosting   │ localhost:5000 │ n/a                             │
└───────────┴────────────────┴─────────────────────────────────┘
  Other reserved ports: 4400, 4500

Issues? Report them at https://github.com/firebase/firebase-tools/issues and attach the *-debug.log files.
 
[debug] [2020-09-24T09:38:34.882Z] [worker-~diagnostic~-b5d7d4d0-6f80-47c2-953a-9f7a0f94be76]: IDLE {"metadata":{"emulator":{"name":"functions"},"message":"[worker-~diagnostic~-b5d7d4d0-6f80-47c2-953a-9f7a0f94be76]: IDLE"}}
[debug] [2020-09-24T09:44:13.633Z] [work-queue] {"queueLength":1,"workRunningCount":0}
[debug] [2020-09-24T09:44:13.633Z] [work-queue] {"queueLength":0,"workRunningCount":1}
[debug] [2020-09-24T09:44:13.634Z] Accepted request GET /fir-a0b5a/us-central1/api --> api
[debug] [2020-09-24T09:44:13.640Z] [worker-pool] addWorker(api) {"metadata":{"emulator":{"name":"functions"},"message":"[worker-pool] addWorker(api)"}}
[debug] [2020-09-24T09:44:13.640Z] [worker-pool] Adding worker with key api, total=1 {"metadata":{"emulator":{"name":"functions"},"message":"[worker-pool] Adding worker with key api, total=1"}}
[debug] [2020-09-24T09:44:13.640Z] [worker-pool] submitWork(triggerId=api) {"metadata":{"emulator":{"name":"functions"},"message":"[worker-pool] submitWork(triggerId=api)"}}
[debug] [2020-09-24T09:44:13.641Z] [worker-api-78fdcbe4-3c20-40ff-ae85-cf77b06b45f4]: Assigning socketPath: \\?\pipe\C:\Users\pasha\Desktop\amazon\functions\8896 {"metadata":{"emulator":{"name":"functions"},"message":"[worker-api-78fdcbe4-3c20-40ff-ae85-cf77b06b45f4]: Assigning socketPath: \\\\?\\pipe\\C:\\Users\\pasha\\Desktop\\amazon\\functions\\8896"}}
[debug] [2020-09-24T09:44:13.641Z] [worker-api-78fdcbe4-3c20-40ff-ae85-cf77b06b45f4]: BUSY {"metadata":{"emulator":{"name":"functions"},"message":"[worker-api-78fdcbe4-3c20-40ff-ae85-cf77b06b45f4]: BUSY"}}
[debug] [2020-09-24T09:44:14.210Z] [runtime-status] [8896] Functions runtime initialized. {"cwd":"C:\\Users\\pasha\\Desktop\\amazon\\functions","node_version":"14.9.0"} {"metadata":{"emulator":{"name":"functions"},"function":{"name":"api"},"message":"[runtime-status] [8896] Functions runtime initialized. {\"cwd\":\"C:\\\\Users\\\\pasha\\\\Desktop\\\\amazon\\\\functions\",\"node_version\":\"14.9.0\"}"}}
[debug] [2020-09-24T09:44:14.215Z] [runtime-status] [8896] Disabled runtime features: undefined {"metadata":{"emulator":{"name":"functions"},"function":{"name":"api"},"message":"[runtime-status] [8896] Disabled runtime features: undefined"}}
[debug] [2020-09-24T09:44:14.218Z] [runtime-status] [8896] Resolved module firebase-admin {"declared":true,"installed":true,"version":"8.13.0","resolution":"C:\\Users\\pasha\\Desktop\\amazon\\functions\\node_modules\\firebase-admin\\lib\\index.js"} {"metadata":{"emulator":{"name":"functions"},"function":{"name":"api"},"message":"[runtime-status] [8896] Resolved module firebase-admin {\"declared\":true,\"installed\":true,\"version\":\"8.13.0\",\"resolution\":\"C:\\\\Users\\\\pasha\\\\Desktop\\\\amazon\\\\functions\\\\node_modules\\\\firebase-admin\\\\lib\\\\index.js\"}"}}
[debug] [2020-09-24T09:44:14.221Z] [runtime-status] [8896] Resolved module firebase-functions {"declared":true,"installed":true,"version":"3.11.0","resolution":"C:\\Users\\pasha\\Desktop\\amazon\\functions\\node_modules\\firebase-functions\\lib\\index.js"} {"metadata":{"emulator":{"name":"functions"},"function":{"name":"api"},"message":"[runtime-status] [8896] Resolved module firebase-functions {\"declared\":true,\"installed\":true,\"version\":\"3.11.0\",\"resolution\":\"C:\\\\Users\\\\pasha\\\\Desktop\\\\amazon\\\\functions\\\\node_modules\\\\firebase-functions\\\\lib\\\\index.js\"}"}}
[debug] [2020-09-24T09:44:14.222Z] [runtime-status] [8896] Resolved module firebase-functions {"declared":true,"installed":true,"version":"3.11.0","resolution":"C:\\Users\\pasha\\Desktop\\amazon\\functions\\node_modules\\firebase-functions\\lib\\index.js"} {"metadata":{"emulator":{"name":"functions"},"function":{"name":"api"},"message":"[runtime-status] [8896] Resolved module firebase-functions {\"declared\":true,\"installed\":true,\"version\":\"3.11.0\",\"resolution\":\"C:\\\\Users\\\\pasha\\\\Desktop\\\\amazon\\\\functions\\\\node_modules\\\\firebase-functions\\\\lib\\\\index.js\"}"}}
[debug] [2020-09-24T09:44:14.224Z] [runtime-status] [8896] Outgoing network have been stubbed. [{"name":"http","status":"mocked"},{"name":"http","status":"mocked"},{"name":"https","status":"mocked"},{"name":"https","status":"mocked"},{"name":"net","status":"mocked"}] {"metadata":{"emulator":{"name":"functions"},"function":{"name":"api"},"message":"[runtime-status] [8896] Outgoing network have been stubbed. [{\"name\":\"http\",\"status\":\"mocked\"},{\"name\":\"http\",\"status\":\"mocked\"},{\"name\":\"https\",\"status\":\"mocked\"},{\"name\":\"https\",\"status\":\"mocked\"},{\"name\":\"net\",\"status\":\"mocked\"}]"}}
[debug] [2020-09-24T09:44:14.225Z] [runtime-status] [8896] Resolved module firebase-functions {"declared":true,"installed":true,"version":"3.11.0","resolution":"C:\\Users\\pasha\\Desktop\\amazon\\functions\\node_modules\\firebase-functions\\lib\\index.js"} {"metadata":{"emulator":{"name":"functions"},"function":{"name":"api"},"message":"[runtime-status] [8896] Resolved module firebase-functions {\"declared\":true,\"installed\":true,\"version\":\"3.11.0\",\"resolution\":\"C:\\\\Users\\\\pasha\\\\Desktop\\\\amazon\\\\functions\\\\node_modules\\\\firebase-functions\\\\lib\\\\index.js\"}"}}
[debug] [2020-09-24T09:44:14.343Z] [runtime-status] [8896] Checked functions.config() {"config":{}} {"metadata":{"emulator":{"name":"functions"},"function":{"name":"api"},"message":"[runtime-status] [8896] Checked functions.config() {\"config\":{}}"}}
[debug] [2020-09-24T09:44:14.343Z] [runtime-status] [8896] firebase-functions has been stubbed. {"functionsResolution":{"declared":true,"installed":true,"version":"3.11.0","resolution":"C:\\Users\\pasha\\Desktop\\amazon\\functions\\node_modules\\firebase-functions\\lib\\index.js"}} {"metadata":{"emulator":{"name":"functions"},"function":{"name":"api"},"message":"[runtime-status] [8896] firebase-functions has been stubbed. {\"functionsResolution\":{\"declared\":true,\"installed\":true,\"version\":\"3.11.0\",\"resolution\":\"C:\\\\Users\\\\pasha\\\\Desktop\\\\amazon\\\\functions\\\\node_modules\\\\firebase-functions\\\\lib\\\\index.js\"}}"}}
[debug] [2020-09-24T09:44:14.343Z] [runtime-status] [8896] Resolved module firebase-functions {"declared":true,"installed":true,"version":"3.11.0","resolution":"C:\\Users\\pasha\\Desktop\\amazon\\functions\\node_modules\\firebase-functions\\lib\\index.js"} {"metadata":{"emulator":{"name":"functions"},"function":{"name":"api"},"message":"[runtime-status] [8896] Resolved module firebase-functions {\"declared\":true,\"installed\":true,\"version\":\"3.11.0\",\"resolution\":\"C:\\\\Users\\\\pasha\\\\Desktop\\\\amazon\\\\functions\\\\node_modules\\\\firebase-functions\\\\lib\\\\index.js\"}"}}
[debug] [2020-09-24T09:44:14.344Z] [runtime-status] [8896] Resolved module firebase-admin {"declared":true,"installed":true,"version":"8.13.0","resolution":"C:\\Users\\pasha\\Desktop\\amazon\\functions\\node_modules\\firebase-admin\\lib\\index.js"} {"metadata":{"emulator":{"name":"functions"},"function":{"name":"api"},"message":"[runtime-status] [8896] Resolved module firebase-admin {\"declared\":true,\"installed\":true,\"version\":\"8.13.0\",\"resolution\":\"C:\\\\Users\\\\pasha\\\\Desktop\\\\amazon\\\\functions\\\\node_modules\\\\firebase-admin\\\\lib\\\\index.js\"}"}}
[debug] [2020-09-24T09:44:14.344Z] [runtime-status] [8896] Resolved module firebase-functions {"declared":true,"installed":true,"version":"3.11.0","resolution":"C:\\Users\\pasha\\Desktop\\amazon\\functions\\node_modules\\firebase-functions\\lib\\index.js"} {"metadata":{"emulator":{"name":"functions"},"function":{"name":"api"},"message":"[runtime-status] [8896] Resolved module firebase-functions {\"declared\":true,\"installed\":true,\"version\":\"3.11.0\",\"resolution\":\"C:\\\\Users\\\\pasha\\\\Desktop\\\\amazon\\\\functions\\\\node_modules\\\\firebase-functions\\\\lib\\\\index.js\"}"}}
[debug] [2020-09-24T09:44:14.344Z] [runtime-status] [8896] firebase-admin has been stubbed. {"adminResolution":{"declared":true,"installed":true,"version":"8.13.0","resolution":"C:\\Users\\pasha\\Desktop\\amazon\\functions\\node_modules\\firebase-admin\\lib\\index.js"}} {"metadata":{"emulator":{"name":"functions"},"function":{"name":"api"},"message":"[runtime-status] [8896] firebase-admin has been stubbed. {\"adminResolution\":{\"declared\":true,\"installed\":true,\"version\":\"8.13.0\",\"resolution\":\"C:\\\\Users\\\\pasha\\\\Desktop\\\\amazon\\\\functions\\\\node_modules\\\\firebase-admin\\\\lib\\\\index.js\"}}"}}
[debug] [2020-09-24T09:44:14.667Z] [runtime-status] [8896] Trigger "api" has been found, beginning invocation! {"metadata":{"emulator":{"name":"functions"},"function":{"name":"api"},"message":"[runtime-status] [8896] Trigger \"api\" has been found, beginning invocation!"}}
[info] i  functions: Beginning execution of "api" {"metadata":{"emulator":{"name":"functions"},"function":{"name":"api"},"message":"Beginning execution of \"api\""}}
[debug] [2020-09-24T09:44:14.669Z] [runtime-status] [8896] triggerDefinition {"httpsTrigger":{},"name":"api","entryPoint":"api"} {"metadata":{"emulator":{"name":"functions"},"function":{"name":"api"},"message":"[runtime-status] [8896] triggerDefinition {\"httpsTrigger\":{},\"name\":\"api\",\"entryPoint\":\"api\"}"}}
[debug] [2020-09-24T09:44:14.669Z] [runtime-status] [8896] Running api in mode HTTPS {"metadata":{"emulator":{"name":"functions"},"function":{"name":"api"},"message":"[runtime-status] [8896] Running api in mode HTTPS"}}
[debug] [2020-09-24T09:44:14.674Z] [runtime-status] [8896] Attempting to listen to socketPath: \\?\pipe\C:\Users\pasha\Desktop\amazon\functions\8896 {"metadata":{"emulator":{"name":"functions"},"function":{"name":"api"},"message":"[runtime-status] [8896] Attempting to listen to socketPath: \\\\?\\pipe\\C:\\Users\\pasha\\Desktop\\amazon\\functions\\8896"}}
[debug] [2020-09-24T09:44:14.677Z] [functions] Runtime ready! Sending request! {"metadata":{"emulator":{"name":"functions"},"message":"[functions] Runtime ready! Sending request!"}}
[debug] [2020-09-24T09:44:14.685Z] [runtime-status] [8896] Ephemeral server handling GET request {"metadata":{"emulator":{"name":"functions"},"function":{"name":"api"},"message":"[runtime-status] [8896] Ephemeral server handling GET request"}}
[debug] [2020-09-24T09:44:14.693Z] [runtime-status] [8896] Ephemeral server survived. {"metadata":{"emulator":{"name":"functions"},"function":{"name":"api"},"message":"[runtime-status] [8896] Ephemeral server survived."}}
[info] i  functions: Finished "api" in ~1s {"metadata":{"emulator":{"name":"functions"},"function":{"name":"api"},"message":"Finished \"api\" in ~1s"}}
[debug] [2020-09-24T09:44:14.698Z] [worker-api-78fdcbe4-3c20-40ff-ae85-cf77b06b45f4]: IDLE {"metadata":{"emulator":{"name":"functions"},"message":"[worker-api-78fdcbe4-3c20-40ff-ae85-cf77b06b45f4]: IDLE"}}
[debug] [2020-09-24T09:44:14.699Z] [work-queue] {"queueLength":0,"workRunningCount":0}
[debug] [2020-09-24T09:44:15.012Z] Functions emulator received unknown request at path /favicon.ico
[debug] [2020-09-24T09:44:20.711Z] [work-queue] {"queueLength":1,"workRunningCount":0}
[debug] [2020-09-24T09:44:20.711Z] [work-queue] {"queueLength":0,"workRunningCount":1}
[debug] [2020-09-24T09:44:20.711Z] Accepted request GET /fir-a0b5a/us-central1/api --> api
[debug] [2020-09-24T09:44:20.711Z] [worker-pool] submitWork(triggerId=api) {"metadata":{"emulator":{"name":"functions"},"message":"[worker-pool] submitWork(triggerId=api)"}}
[debug] [2020-09-24T09:44:20.712Z] [worker-api-78fdcbe4-3c20-40ff-ae85-cf77b06b45f4]: Assigning socketPath: \\?\pipe\C:\Users\pasha\Desktop\amazon\functions\8896 {"metadata":{"emulator":{"name":"functions"},"message":"[worker-api-78fdcbe4-3c20-40ff-ae85-cf77b06b45f4]: Assigning socketPath: \\\\?\\pipe\\C:\\Users\\pasha\\Desktop\\amazon\\functions\\8896"}}
[debug] [2020-09-24T09:44:20.712Z] [worker-api-78fdcbe4-3c20-40ff-ae85-cf77b06b45f4]: BUSY {"metadata":{"emulator":{"name":"functions"},"message":"[worker-api-78fdcbe4-3c20-40ff-ae85-cf77b06b45f4]: BUSY"}}
[debug] [2020-09-24T09:44:20.713Z] [runtime-status] [8896] Trigger "api" has been found, beginning invocation! {"metadata":{"emulator":{"name":"functions"},"function":{"name":"api"},"message":"[runtime-status] [8896] Trigger \"api\" has been found, beginning invocation!"}}
[info] i  functions: Beginning execution of "api" {"metadata":{"emulator":{"name":"functions"},"function":{"name":"api"},"message":"Beginning execution of \"api\""}}
[debug] [2020-09-24T09:44:20.716Z] [runtime-status] [8896] triggerDefinition {"httpsTrigger":{},"name":"api","entryPoint":"api"} {"metadata":{"emulator":{"name":"functions"},"function":{"name":"api"},"message":"[runtime-status] [8896] triggerDefinition {\"httpsTrigger\":{},\"name\":\"api\",\"entryPoint\":\"api\"}"}}
[debug] [2020-09-24T09:44:20.716Z] [runtime-status] [8896] Running api in mode HTTPS {"metadata":{"emulator":{"name":"functions"},"function":{"name":"api"},"message":"[runtime-status] [8896] Running api in mode HTTPS"}}
[debug] [2020-09-24T09:44:20.717Z] [runtime-status] [8896] Attempting to listen to socketPath: \\?\pipe\C:\Users\pasha\Desktop\amazon\functions\8896 {"metadata":{"emulator":{"name":"functions"},"function":{"name":"api"},"message":"[runtime-status] [8896] Attempting to listen to socketPath: \\\\?\\pipe\\C:\\Users\\pasha\\Desktop\\amazon\\functions\\8896"}}
[debug] [2020-09-24T09:44:20.719Z] [functions] Runtime ready! Sending request! {"metadata":{"emulator":{"name":"functions"},"message":"[functions] Runtime ready! Sending request!"}}
[debug] [2020-09-24T09:44:20.724Z] [runtime-status] [8896] Ephemeral server handling GET request {"metadata":{"emulator":{"name":"functions"},"function":{"name":"api"},"message":"[runtime-status] [8896] Ephemeral server handling GET request"}}
[debug] [2020-09-24T09:44:20.726Z] [runtime-status] [8896] Ephemeral server survived. {"metadata":{"emulator":{"name":"functions"},"function":{"name":"api"},"message":"[runtime-status] [8896] Ephemeral server survived."}}
[info] i  functions: Finished "api" in ~1s {"metadata":{"emulator":{"name":"functions"},"function":{"name":"api"},"message":"Finished \"api\" in ~1s"}}
[debug] [2020-09-24T09:44:20.763Z] [worker-api-78fdcbe4-3c20-40ff-ae85-cf77b06b45f4]: IDLE {"metadata":{"emulator":{"name":"functions"},"message":"[worker-api-78fdcbe4-3c20-40ff-ae85-cf77b06b45f4]: IDLE"}}
[debug] [2020-09-24T09:44:20.763Z] [work-queue] {"queueLength":0,"workRunningCount":0}
[debug] [2020-09-24T09:45:38.935Z] File C:\Users\pasha\Desktop\amazon\functions\index.js changed, reloading triggers {"metadata":{"emulator":{"name":"functions"},"message":"File C:\\Users\\pasha\\Desktop\\amazon\\functions\\index.js changed, reloading triggers"}}
[debug] [2020-09-24T09:45:39.950Z] [worker-pool] Shutting down IDLE worker (~diagnostic~) {"metadata":{"emulator":{"name":"functions"},"message":"[worker-pool] Shutting down IDLE worker (~diagnostic~)"}}
[debug] [2020-09-24T09:45:39.951Z] [worker-~diagnostic~-b5d7d4d0-6f80-47c2-953a-9f7a0f94be76]: FINISHING {"metadata":{"emulator":{"name":"functions"},"message":"[worker-~diagnostic~-b5d7d4d0-6f80-47c2-953a-9f7a0f94be76]: FINISHING"}}
[debug] [2020-09-24T09:45:39.951Z] [worker-pool] Shutting down IDLE worker (api) {"metadata":{"emulator":{"name":"functions"},"message":"[worker-pool] Shutting down IDLE worker (api)"}}
[debug] [2020-09-24T09:45:39.951Z] [worker-api-78fdcbe4-3c20-40ff-ae85-cf77b06b45f4]: FINISHING {"metadata":{"emulator":{"name":"functions"},"message":"[worker-api-78fdcbe4-3c20-40ff-ae85-cf77b06b45f4]: FINISHING"}}
[debug] [2020-09-24T09:45:39.957Z] [worker-pool] addWorker(~diagnostic~) {"metadata":{"emulator":{"name":"functions"},"message":"[worker-pool] addWorker(~diagnostic~)"}}
[debug] [2020-09-24T09:45:39.958Z] [worker-pool] Adding worker with key ~diagnostic~, total=2 {"metadata":{"emulator":{"name":"functions"},"message":"[worker-pool] Adding worker with key ~diagnostic~, total=2"}}
[debug] [2020-09-24T09:45:39.958Z] [worker-pool] submitWork(triggerId=) {"metadata":{"emulator":{"name":"functions"},"message":"[worker-pool] submitWork(triggerId=)"}}
[debug] [2020-09-24T09:45:39.958Z] [worker-~diagnostic~-f7563745-abc0-4b89-900b-0db727c750db]: Assigning socketPath: \\?\pipe\C:\Users\pasha\Desktop\amazon\functions\14204 {"metadata":{"emulator":{"name":"functions"},"message":"[worker-~diagnostic~-f7563745-abc0-4b89-900b-0db727c750db]: Assigning socketPath: \\\\?\\pipe\\C:\\Users\\pasha\\Desktop\\amazon\\functions\\14204"}}
[debug] [2020-09-24T09:45:39.958Z] [worker-~diagnostic~-f7563745-abc0-4b89-900b-0db727c750db]: BUSY {"metadata":{"emulator":{"name":"functions"},"message":"[worker-~diagnostic~-f7563745-abc0-4b89-900b-0db727c750db]: BUSY"}}
[debug] [2020-09-24T09:45:39.959Z] [worker-~diagnostic~-b5d7d4d0-6f80-47c2-953a-9f7a0f94be76]: exited {"metadata":{"emulator":{"name":"functions"},"message":"[worker-~diagnostic~-b5d7d4d0-6f80-47c2-953a-9f7a0f94be76]: exited"}}
[debug] [2020-09-24T09:45:39.960Z] [worker-~diagnostic~-b5d7d4d0-6f80-47c2-953a-9f7a0f94be76]: FINISHED {"metadata":{"emulator":{"name":"functions"},"message":"[worker-~diagnostic~-b5d7d4d0-6f80-47c2-953a-9f7a0f94be76]: FINISHED"}}
[debug] [2020-09-24T09:45:39.960Z] [worker-api-78fdcbe4-3c20-40ff-ae85-cf77b06b45f4]: exited {"metadata":{"emulator":{"name":"functions"},"message":"[worker-api-78fdcbe4-3c20-40ff-ae85-cf77b06b45f4]: exited"}}
[debug] [2020-09-24T09:45:39.960Z] [worker-api-78fdcbe4-3c20-40ff-ae85-cf77b06b45f4]: FINISHED {"metadata":{"emulator":{"name":"functions"},"message":"[worker-api-78fdcbe4-3c20-40ff-ae85-cf77b06b45f4]: FINISHED"}}
[debug] [2020-09-24T09:45:40.385Z] [runtime-status] [14204] Functions runtime initialized. {"cwd":"C:\\Users\\pasha\\Desktop\\amazon\\functions","node_version":"14.9.0"} {"metadata":{"emulator":{"name":"functions"},"message":"[runtime-status] [14204] Functions runtime initialized. {\"cwd\":\"C:\\\\Users\\\\pasha\\\\Desktop\\\\amazon\\\\functions\",\"node_version\":\"14.9.0\"}"}}
[debug] [2020-09-24T09:45:40.391Z] [runtime-status] [14204] Disabled runtime features: undefined {"metadata":{"emulator":{"name":"functions"},"message":"[runtime-status] [14204] Disabled runtime features: undefined"}}
[debug] [2020-09-24T09:45:40.394Z] [runtime-status] [14204] Resolved module firebase-admin {"declared":true,"installed":true,"version":"8.13.0","resolution":"C:\\Users\\pasha\\Desktop\\amazon\\functions\\node_modules\\firebase-admin\\lib\\index.js"} {"metadata":{"emulator":{"name":"functions"},"message":"[runtime-status] [14204] Resolved module firebase-admin {\"declared\":true,\"installed\":true,\"version\":\"8.13.0\",\"resolution\":\"C:\\\\Users\\\\pasha\\\\Desktop\\\\amazon\\\\functions\\\\node_modules\\\\firebase-admin\\\\lib\\\\index.js\"}"}}
[debug] [2020-09-24T09:45:40.395Z] [runtime-status] [14204] Resolved module firebase-functions {"declared":true,"installed":true,"version":"3.11.0","resolution":"C:\\Users\\pasha\\Desktop\\amazon\\functions\\node_modules\\firebase-functions\\lib\\index.js"} {"metadata":{"emulator":{"name":"functions"},"message":"[runtime-status] [14204] Resolved module firebase-functions {\"declared\":true,\"installed\":true,\"version\":\"3.11.0\",\"resolution\":\"C:\\\\Users\\\\pasha\\\\Desktop\\\\amazon\\\\functions\\\\node_modules\\\\firebase-functions\\\\lib\\\\index.js\"}"}}
[debug] [2020-09-24T09:45:40.397Z] [runtime-status] [14204] Resolved module firebase-functions {"declared":true,"installed":true,"version":"3.11.0","resolution":"C:\\Users\\pasha\\Desktop\\amazon\\functions\\node_modules\\firebase-functions\\lib\\index.js"} {"metadata":{"emulator":{"name":"functions"},"message":"[runtime-status] [14204] Resolved module firebase-functions {\"declared\":true,\"installed\":true,\"version\":\"3.11.0\",\"resolution\":\"C:\\\\Users\\\\pasha\\\\Desktop\\\\amazon\\\\functions\\\\node_modules\\\\firebase-functions\\\\lib\\\\index.js\"}"}}
[debug] [2020-09-24T09:45:40.399Z] [runtime-status] [14204] Outgoing network have been stubbed. [{"name":"http","status":"mocked"},{"name":"http","status":"mocked"},{"name":"https","status":"mocked"},{"name":"https","status":"mocked"},{"name":"net","status":"mocked"}] {"metadata":{"emulator":{"name":"functions"},"message":"[runtime-status] [14204] Outgoing network have been stubbed. [{\"name\":\"http\",\"status\":\"mocked\"},{\"name\":\"http\",\"status\":\"mocked\"},{\"name\":\"https\",\"status\":\"mocked\"},{\"name\":\"https\",\"status\":\"mocked\"},{\"name\":\"net\",\"status\":\"mocked\"}]"}}
[debug] [2020-09-24T09:45:40.400Z] [runtime-status] [14204] Resolved module firebase-functions {"declared":true,"installed":true,"version":"3.11.0","resolution":"C:\\Users\\pasha\\Desktop\\amazon\\functions\\node_modules\\firebase-functions\\lib\\index.js"} {"metadata":{"emulator":{"name":"functions"},"message":"[runtime-status] [14204] Resolved module firebase-functions {\"declared\":true,\"installed\":true,\"version\":\"3.11.0\",\"resolution\":\"C:\\\\Users\\\\pasha\\\\Desktop\\\\amazon\\\\functions\\\\node_modules\\\\firebase-functions\\\\lib\\\\index.js\"}"}}
[debug] [2020-09-24T09:45:40.457Z] [runtime-status] [14204] Checked functions.config() {"config":{}} {"metadata":{"emulator":{"name":"functions"},"message":"[runtime-status] [14204] Checked functions.config() {\"config\":{}}"}}
[debug] [2020-09-24T09:45:40.457Z] [runtime-status] [14204] firebase-functions has been stubbed. {"functionsResolution":{"declared":true,"installed":true,"version":"3.11.0","resolution":"C:\\Users\\pasha\\Desktop\\amazon\\functions\\node_modules\\firebase-functions\\lib\\index.js"}} {"metadata":{"emulator":{"name":"functions"},"message":"[runtime-status] [14204] firebase-functions has been stubbed. {\"functionsResolution\":{\"declared\":true,\"installed\":true,\"version\":\"3.11.0\",\"resolution\":\"C:\\\\Users\\\\pasha\\\\Desktop\\\\amazon\\\\functions\\\\node_modules\\\\firebase-functions\\\\lib\\\\index.js\"}}"}}
[debug] [2020-09-24T09:45:40.458Z] [runtime-status] [14204] Resolved module firebase-functions {"declared":true,"installed":true,"version":"3.11.0","resolution":"C:\\Users\\pasha\\Desktop\\amazon\\functions\\node_modules\\firebase-functions\\lib\\index.js"} {"metadata":{"emulator":{"name":"functions"},"message":"[runtime-status] [14204] Resolved module firebase-functions {\"declared\":true,\"installed\":true,\"version\":\"3.11.0\",\"resolution\":\"C:\\\\Users\\\\pasha\\\\Desktop\\\\amazon\\\\functions\\\\node_modules\\\\firebase-functions\\\\lib\\\\index.js\"}"}}
[debug] [2020-09-24T09:45:40.459Z] [runtime-status] [14204] Resolved module firebase-admin {"declared":true,"installed":true,"version":"8.13.0","resolution":"C:\\Users\\pasha\\Desktop\\amazon\\functions\\node_modules\\firebase-admin\\lib\\index.js"} {"metadata":{"emulator":{"name":"functions"},"message":"[runtime-status] [14204] Resolved module firebase-admin {\"declared\":true,\"installed\":true,\"version\":\"8.13.0\",\"resolution\":\"C:\\\\Users\\\\pasha\\\\Desktop\\\\amazon\\\\functions\\\\node_modules\\\\firebase-admin\\\\lib\\\\index.js\"}"}}
[debug] [2020-09-24T09:45:40.459Z] [runtime-status] [14204] Resolved module firebase-functions {"declared":true,"installed":true,"version":"3.11.0","resolution":"C:\\Users\\pasha\\Desktop\\amazon\\functions\\node_modules\\firebase-functions\\lib\\index.js"} {"metadata":{"emulator":{"name":"functions"},"message":"[runtime-status] [14204] Resolved module firebase-functions {\"declared\":true,\"installed\":true,\"version\":\"3.11.0\",\"resolution\":\"C:\\\\Users\\\\pasha\\\\Desktop\\\\amazon\\\\functions\\\\node_modules\\\\firebase-functions\\\\lib\\\\index.js\"}"}}
[debug] [2020-09-24T09:45:40.460Z] [runtime-status] [14204] firebase-admin has been stubbed. {"adminResolution":{"declared":true,"installed":true,"version":"8.13.0","resolution":"C:\\Users\\pasha\\Desktop\\amazon\\functions\\node_modules\\firebase-admin\\lib\\index.js"}} {"metadata":{"emulator":{"name":"functions"},"message":"[runtime-status] [14204] firebase-admin has been stubbed. {\"adminResolution\":{\"declared\":true,\"installed\":true,\"version\":\"8.13.0\",\"resolution\":\"C:\\\\Users\\\\pasha\\\\Desktop\\\\amazon\\\\functions\\\\node_modules\\\\firebase-admin\\\\lib\\\\index.js\"}}"}}
[debug] [2020-09-24T09:45:40.625Z] [worker-~diagnostic~-f7563745-abc0-4b89-900b-0db727c750db]: IDLE {"metadata":{"emulator":{"name":"functions"},"message":"[worker-~diagnostic~-f7563745-abc0-4b89-900b-0db727c750db]: IDLE"}}
[debug] [2020-09-24T11:58:42.498Z] File C:\Users\pasha\Desktop\amazon\functions\index.js changed, reloading triggers {"metadata":{"emulator":{"name":"functions"},"message":"File C:\\Users\\pasha\\Desktop\\amazon\\functions\\index.js changed, reloading triggers"}}
[debug] [2020-09-24T11:58:43.507Z] [worker-pool] Shutting down IDLE worker (~diagnostic~) {"metadata":{"emulator":{"name":"functions"},"message":"[worker-pool] Shutting down IDLE worker (~diagnostic~)"}}
[debug] [2020-09-24T11:58:43.507Z] [worker-~diagnostic~-f7563745-abc0-4b89-900b-0db727c750db]: FINISHING {"metadata":{"emulator":{"name":"functions"},"message":"[worker-~diagnostic~-f7563745-abc0-4b89-900b-0db727c750db]: FINISHING"}}
[debug] [2020-09-24T11:58:43.508Z] [worker-pool] Cleaned up workers for ~diagnostic~: 2 --> 1 {"metadata":{"emulator":{"name":"functions"},"message":"[worker-pool] Cleaned up workers for ~diagnostic~: 2 --> 1"}}
[debug] [2020-09-24T11:58:43.508Z] [worker-pool] Cleaned up workers for api: 1 --> 0 {"metadata":{"emulator":{"name":"functions"},"message":"[worker-pool] Cleaned up workers for api: 1 --> 0"}}
[debug] [2020-09-24T11:58:43.513Z] [worker-pool] addWorker(~diagnostic~) {"metadata":{"emulator":{"name":"functions"},"message":"[worker-pool] addWorker(~diagnostic~)"}}
[debug] [2020-09-24T11:58:43.513Z] [worker-pool] Adding worker with key ~diagnostic~, total=2 {"metadata":{"emulator":{"name":"functions"},"message":"[worker-pool] Adding worker with key ~diagnostic~, total=2"}}
[debug] [2020-09-24T11:58:43.513Z] [worker-pool] submitWork(triggerId=) {"metadata":{"emulator":{"name":"functions"},"message":"[worker-pool] submitWork(triggerId=)"}}
[debug] [2020-09-24T11:58:43.513Z] [worker-~diagnostic~-e826f15e-541e-4c6d-a7a5-15eb8417a7d6]: Assigning socketPath: \\?\pipe\C:\Users\pasha\Desktop\amazon\functions\11896 {"metadata":{"emulator":{"name":"functions"},"message":"[worker-~diagnostic~-e826f15e-541e-4c6d-a7a5-15eb8417a7d6]: Assigning socketPath: \\\\?\\pipe\\C:\\Users\\pasha\\Desktop\\amazon\\functions\\11896"}}
[debug] [2020-09-24T11:58:43.513Z] [worker-~diagnostic~-e826f15e-541e-4c6d-a7a5-15eb8417a7d6]: BUSY {"metadata":{"emulator":{"name":"functions"},"message":"[worker-~diagnostic~-e826f15e-541e-4c6d-a7a5-15eb8417a7d6]: BUSY"}}
[debug] [2020-09-24T11:58:43.514Z] [worker-~diagnostic~-f7563745-abc0-4b89-900b-0db727c750db]: exited {"metadata":{"emulator":{"name":"functions"},"message":"[worker-~diagnostic~-f7563745-abc0-4b89-900b-0db727c750db]: exited"}}
[debug] [2020-09-24T11:58:43.514Z] [worker-~diagnostic~-f7563745-abc0-4b89-900b-0db727c750db]: FINISHED {"metadata":{"emulator":{"name":"functions"},"message":"[worker-~diagnostic~-f7563745-abc0-4b89-900b-0db727c750db]: FINISHED"}}
[debug] [2020-09-24T11:58:44.101Z] [runtime-status] [11896] Functions runtime initialized. {"cwd":"C:\\Users\\pasha\\Desktop\\amazon\\functions","node_version":"14.9.0"} {"metadata":{"emulator":{"name":"functions"},"message":"[runtime-status] [11896] Functions runtime initialized. {\"cwd\":\"C:\\\\Users\\\\pasha\\\\Desktop\\\\amazon\\\\functions\",\"node_version\":\"14.9.0\"}"}}
[debug] [2020-09-24T11:58:44.107Z] [runtime-status] [11896] Disabled runtime features: undefined {"metadata":{"emulator":{"name":"functions"},"message":"[runtime-status] [11896] Disabled runtime features: undefined"}}
[debug] [2020-09-24T11:58:44.125Z] [runtime-status] [11896] Resolved module firebase-admin {"declared":true,"installed":true,"version":"8.13.0","resolution":"C:\\Users\\pasha\\Desktop\\amazon\\functions\\node_modules\\firebase-admin\\lib\\index.js"} {"metadata":{"emulator":{"name":"functions"},"message":"[runtime-status] [11896] Resolved module firebase-admin {\"declared\":true,\"installed\":true,\"version\":\"8.13.0\",\"resolution\":\"C:\\\\Users\\\\pasha\\\\Desktop\\\\amazon\\\\functions\\\\node_modules\\\\firebase-admin\\\\lib\\\\index.js\"}"}}
[debug] [2020-09-24T11:58:44.126Z] [runtime-status] [11896] Resolved module firebase-functions {"declared":true,"installed":true,"version":"3.11.0","resolution":"C:\\Users\\pasha\\Desktop\\amazon\\functions\\node_modules\\firebase-functions\\lib\\index.js"} {"metadata":{"emulator":{"name":"functions"},"message":"[runtime-status] [11896] Resolved module firebase-functions {\"declared\":true,\"installed\":true,\"version\":\"3.11.0\",\"resolution\":\"C:\\\\Users\\\\pasha\\\\Desktop\\\\amazon\\\\functions\\\\node_modules\\\\firebase-functions\\\\lib\\\\index.js\"}"}}
[debug] [2020-09-24T11:58:44.126Z] [runtime-status] [11896] Resolved module firebase-functions {"declared":true,"installed":true,"version":"3.11.0","resolution":"C:\\Users\\pasha\\Desktop\\amazon\\functions\\node_modules\\firebase-functions\\lib\\index.js"} {"metadata":{"emulator":{"name":"functions"},"message":"[runtime-status] [11896] Resolved module firebase-functions {\"declared\":true,\"installed\":true,\"version\":\"3.11.0\",\"resolution\":\"C:\\\\Users\\\\pasha\\\\Desktop\\\\amazon\\\\functions\\\\node_modules\\\\firebase-functions\\\\lib\\\\index.js\"}"}}
[debug] [2020-09-24T11:58:44.136Z] [runtime-status] [11896] Outgoing network have been stubbed. [{"name":"http","status":"mocked"},{"name":"http","status":"mocked"},{"name":"https","status":"mocked"},{"name":"https","status":"mocked"},{"name":"net","status":"mocked"}] {"metadata":{"emulator":{"name":"functions"},"message":"[runtime-status] [11896] Outgoing network have been stubbed. [{\"name\":\"http\",\"status\":\"mocked\"},{\"name\":\"http\",\"status\":\"mocked\"},{\"name\":\"https\",\"status\":\"mocked\"},{\"name\":\"https\",\"status\":\"mocked\"},{\"name\":\"net\",\"status\":\"mocked\"}]"}}
[debug] [2020-09-24T11:58:44.148Z] [runtime-status] [11896] Resolved module firebase-functions {"declared":true,"installed":true,"version":"3.11.0","resolution":"C:\\Users\\pasha\\Desktop\\amazon\\functions\\node_modules\\firebase-functions\\lib\\index.js"} {"metadata":{"emulator":{"name":"functions"},"message":"[runtime-status] [11896] Resolved module firebase-functions {\"declared\":true,\"installed\":true,\"version\":\"3.11.0\",\"resolution\":\"C:\\\\Users\\\\pasha\\\\Desktop\\\\amazon\\\\functions\\\\node_modules\\\\firebase-functions\\\\lib\\\\index.js\"}"}}
[debug] [2020-09-24T11:58:44.228Z] [runtime-status] [11896] Checked functions.config() {"config":{}} {"metadata":{"emulator":{"name":"functions"},"message":"[runtime-status] [11896] Checked functions.config() {\"config\":{}}"}}
[debug] [2020-09-24T11:58:44.228Z] [runtime-status] [11896] firebase-functions has been stubbed. {"functionsResolution":{"declared":true,"installed":true,"version":"3.11.0","resolution":"C:\\Users\\pasha\\Desktop\\amazon\\functions\\node_modules\\firebase-functions\\lib\\index.js"}} {"metadata":{"emulator":{"name":"functions"},"message":"[runtime-status] [11896] firebase-functions has been stubbed. {\"functionsResolution\":{\"declared\":true,\"installed\":true,\"version\":\"3.11.0\",\"resolution\":\"C:\\\\Users\\\\pasha\\\\Desktop\\\\amazon\\\\functions\\\\node_modules\\\\firebase-functions\\\\lib\\\\index.js\"}}"}}
[debug] [2020-09-24T11:58:44.228Z] [runtime-status] [11896] Resolved module firebase-functions {"declared":true,"installed":true,"version":"3.11.0","resolution":"C:\\Users\\pasha\\Desktop\\amazon\\functions\\node_modules\\firebase-functions\\lib\\index.js"} {"metadata":{"emulator":{"name":"functions"},"message":"[runtime-status] [11896] Resolved module firebase-functions {\"declared\":true,\"installed\":true,\"version\":\"3.11.0\",\"resolution\":\"C:\\\\Users\\\\pasha\\\\Desktop\\\\amazon\\\\functions\\\\node_modules\\\\firebase-functions\\\\lib\\\\index.js\"}"}}
[debug] [2020-09-24T11:58:44.229Z] [runtime-status] [11896] Resolved module firebase-admin {"declared":true,"installed":true,"version":"8.13.0","resolution":"C:\\Users\\pasha\\Desktop\\amazon\\functions\\node_modules\\firebase-admin\\lib\\index.js"} {"metadata":{"emulator":{"name":"functions"},"message":"[runtime-status] [11896] Resolved module firebase-admin {\"declared\":true,\"installed\":true,\"version\":\"8.13.0\",\"resolution\":\"C:\\\\Users\\\\pasha\\\\Desktop\\\\amazon\\\\functions\\\\node_modules\\\\firebase-admin\\\\lib\\\\index.js\"}"}}
[debug] [2020-09-24T11:58:44.229Z] [runtime-status] [11896] Resolved module firebase-functions {"declared":true,"installed":true,"version":"3.11.0","resolution":"C:\\Users\\pasha\\Desktop\\amazon\\functions\\node_modules\\firebase-functions\\lib\\index.js"} {"metadata":{"emulator":{"name":"functions"},"message":"[runtime-status] [11896] Resolved module firebase-functions {\"declared\":true,\"installed\":true,\"version\":\"3.11.0\",\"resolution\":\"C:\\\\Users\\\\pasha\\\\Desktop\\\\amazon\\\\functions\\\\node_modules\\\\firebase-functions\\\\lib\\\\index.js\"}"}}
[debug] [2020-09-24T11:58:44.229Z] [runtime-status] [11896] firebase-admin has been stubbed. {"adminResolution":{"declared":true,"installed":true,"version":"8.13.0","resolution":"C:\\Users\\pasha\\Desktop\\amazon\\functions\\node_modules\\firebase-admin\\lib\\index.js"}} {"metadata":{"emulator":{"name":"functions"},"message":"[runtime-status] [11896] firebase-admin has been stubbed. {\"adminResolution\":{\"declared\":true,\"installed\":true,\"version\":\"8.13.0\",\"resolution\":\"C:\\\\Users\\\\pasha\\\\Desktop\\\\amazon\\\\functions\\\\node_modules\\\\firebase-admin\\\\lib\\\\index.js\"}}"}}
[debug] [2020-09-24T11:58:44.562Z] [worker-~diagnostic~-e826f15e-541e-4c6d-a7a5-15eb8417a7d6]: IDLE {"metadata":{"emulator":{"name":"functions"},"message":"[worker-~diagnostic~-e826f15e-541e-4c6d-a7a5-15eb8417a7d6]: IDLE"}}
[debug] [2020-09-24T12:08:19.019Z] [work-queue] {"queueLength":1,"workRunningCount":0}
[debug] [2020-09-24T12:08:19.019Z] [work-queue] {"queueLength":0,"workRunningCount":1}
[debug] [2020-09-24T12:08:19.020Z] Accepted request GET /fir-a0b5a/us-central1/api --> api
[debug] [2020-09-24T12:08:19.020Z] [worker-pool] Cleaned up workers for ~diagnostic~: 2 --> 1 {"metadata":{"emulator":{"name":"functions"},"message":"[worker-pool] Cleaned up workers for ~diagnostic~: 2 --> 1"}}
[debug] [2020-09-24T12:08:19.024Z] [worker-pool] addWorker(api) {"metadata":{"emulator":{"name":"functions"},"message":"[worker-pool] addWorker(api)"}}
[debug] [2020-09-24T12:08:19.024Z] [worker-pool] Adding worker with key api, total=1 {"metadata":{"emulator":{"name":"functions"},"message":"[worker-pool] Adding worker with key api, total=1"}}
[debug] [2020-09-24T12:08:19.025Z] [worker-pool] submitWork(triggerId=api) {"metadata":{"emulator":{"name":"functions"},"message":"[worker-pool] submitWork(triggerId=api)"}}
[debug] [2020-09-24T12:08:19.025Z] [worker-api-e4c6f8b0-c8df-4c9c-866a-54188d800779]: Assigning socketPath: \\?\pipe\C:\Users\pasha\Desktop\amazon\functions\4848 {"metadata":{"emulator":{"name":"functions"},"message":"[worker-api-e4c6f8b0-c8df-4c9c-866a-54188d800779]: Assigning socketPath: \\\\?\\pipe\\C:\\Users\\pasha\\Desktop\\amazon\\functions\\4848"}}
[debug] [2020-09-24T12:08:19.025Z] [worker-api-e4c6f8b0-c8df-4c9c-866a-54188d800779]: BUSY {"metadata":{"emulator":{"name":"functions"},"message":"[worker-api-e4c6f8b0-c8df-4c9c-866a-54188d800779]: BUSY"}}
[debug] [2020-09-24T12:08:19.523Z] [runtime-status] [4848] Functions runtime initialized. {"cwd":"C:\\Users\\pasha\\Desktop\\amazon\\functions","node_version":"14.9.0"} {"metadata":{"emulator":{"name":"functions"},"function":{"name":"api"},"message":"[runtime-status] [4848] Functions runtime initialized. {\"cwd\":\"C:\\\\Users\\\\pasha\\\\Desktop\\\\amazon\\\\functions\",\"node_version\":\"14.9.0\"}"}}
[debug] [2020-09-24T12:08:19.530Z] [runtime-status] [4848] Disabled runtime features: undefined {"metadata":{"emulator":{"name":"functions"},"function":{"name":"api"},"message":"[runtime-status] [4848] Disabled runtime features: undefined"}}
[debug] [2020-09-24T12:08:19.533Z] [runtime-status] [4848] Resolved module firebase-admin {"declared":true,"installed":true,"version":"8.13.0","resolution":"C:\\Users\\pasha\\Desktop\\amazon\\functions\\node_modules\\firebase-admin\\lib\\index.js"} {"metadata":{"emulator":{"name":"functions"},"function":{"name":"api"},"message":"[runtime-status] [4848] Resolved module firebase-admin {\"declared\":true,\"installed\":true,\"version\":\"8.13.0\",\"resolution\":\"C:\\\\Users\\\\pasha\\\\Desktop\\\\amazon\\\\functions\\\\node_modules\\\\firebase-admin\\\\lib\\\\index.js\"}"}}
[debug] [2020-09-24T12:08:19.535Z] [runtime-status] [4848] Resolved module firebase-functions {"declared":true,"installed":true,"version":"3.11.0","resolution":"C:\\Users\\pasha\\Desktop\\amazon\\functions\\node_modules\\firebase-functions\\lib\\index.js"} {"metadata":{"emulator":{"name":"functions"},"function":{"name":"api"},"message":"[runtime-status] [4848] Resolved module firebase-functions {\"declared\":true,\"installed\":true,\"version\":\"3.11.0\",\"resolution\":\"C:\\\\Users\\\\pasha\\\\Desktop\\\\amazon\\\\functions\\\\node_modules\\\\firebase-functions\\\\lib\\\\index.js\"}"}}
[debug] [2020-09-24T12:08:19.537Z] [runtime-status] [4848] Resolved module firebase-functions {"declared":true,"installed":true,"version":"3.11.0","resolution":"C:\\Users\\pasha\\Desktop\\amazon\\functions\\node_modules\\firebase-functions\\lib\\index.js"} {"metadata":{"emulator":{"name":"functions"},"function":{"name":"api"},"message":"[runtime-status] [4848] Resolved module firebase-functions {\"declared\":true,\"installed\":true,\"version\":\"3.11.0\",\"resolution\":\"C:\\\\Users\\\\pasha\\\\Desktop\\\\amazon\\\\functions\\\\node_modules\\\\firebase-functions\\\\lib\\\\index.js\"}"}}
[debug] [2020-09-24T12:08:19.539Z] [runtime-status] [4848] Outgoing network have been stubbed. [{"name":"http","status":"mocked"},{"name":"http","status":"mocked"},{"name":"https","status":"mocked"},{"name":"https","status":"mocked"},{"name":"net","status":"mocked"}] {"metadata":{"emulator":{"name":"functions"},"function":{"name":"api"},"message":"[runtime-status] [4848] Outgoing network have been stubbed. [{\"name\":\"http\",\"status\":\"mocked\"},{\"name\":\"http\",\"status\":\"mocked\"},{\"name\":\"https\",\"status\":\"mocked\"},{\"name\":\"https\",\"status\":\"mocked\"},{\"name\":\"net\",\"status\":\"mocked\"}]"}}
[debug] [2020-09-24T12:08:19.540Z] [runtime-status] [4848] Resolved module firebase-functions {"declared":true,"installed":true,"version":"3.11.0","resolution":"C:\\Users\\pasha\\Desktop\\amazon\\functions\\node_modules\\firebase-functions\\lib\\index.js"} {"metadata":{"emulator":{"name":"functions"},"function":{"name":"api"},"message":"[runtime-status] [4848] Resolved module firebase-functions {\"declared\":true,\"installed\":true,\"version\":\"3.11.0\",\"resolution\":\"C:\\\\Users\\\\pasha\\\\Desktop\\\\amazon\\\\functions\\\\node_modules\\\\firebase-functions\\\\lib\\\\index.js\"}"}}
[debug] [2020-09-24T12:08:19.592Z] [runtime-status] [4848] Checked functions.config() {"config":{}} {"metadata":{"emulator":{"name":"functions"},"function":{"name":"api"},"message":"[runtime-status] [4848] Checked functions.config() {\"config\":{}}"}}
[debug] [2020-09-24T12:08:19.592Z] [runtime-status] [4848] firebase-functions has been stubbed. {"functionsResolution":{"declared":true,"installed":true,"version":"3.11.0","resolution":"C:\\Users\\pasha\\Desktop\\amazon\\functions\\node_modules\\firebase-functions\\lib\\index.js"}} {"metadata":{"emulator":{"name":"functions"},"function":{"name":"api"},"message":"[runtime-status] [4848] firebase-functions has been stubbed. {\"functionsResolution\":{\"declared\":true,\"installed\":true,\"version\":\"3.11.0\",\"resolution\":\"C:\\\\Users\\\\pasha\\\\Desktop\\\\amazon\\\\functions\\\\node_modules\\\\firebase-functions\\\\lib\\\\index.js\"}}"}}
[debug] [2020-09-24T12:08:19.593Z] [runtime-status] [4848] Resolved module firebase-functions {"declared":true,"installed":true,"version":"3.11.0","resolution":"C:\\Users\\pasha\\Desktop\\amazon\\functions\\node_modules\\firebase-functions\\lib\\index.js"} {"metadata":{"emulator":{"name":"functions"},"function":{"name":"api"},"message":"[runtime-status] [4848] Resolved module firebase-functions {\"declared\":true,\"installed\":true,\"version\":\"3.11.0\",\"resolution\":\"C:\\\\Users\\\\pasha\\\\Desktop\\\\amazon\\\\functions\\\\node_modules\\\\firebase-functions\\\\lib\\\\index.js\"}"}}
[debug] [2020-09-24T12:08:19.594Z] [runtime-status] [4848] Resolved module firebase-admin {"declared":true,"installed":true,"version":"8.13.0","resolution":"C:\\Users\\pasha\\Desktop\\amazon\\functions\\node_modules\\firebase-admin\\lib\\index.js"} {"metadata":{"emulator":{"name":"functions"},"function":{"name":"api"},"message":"[runtime-status] [4848] Resolved module firebase-admin {\"declared\":true,\"installed\":true,\"version\":\"8.13.0\",\"resolution\":\"C:\\\\Users\\\\pasha\\\\Desktop\\\\amazon\\\\functions\\\\node_modules\\\\firebase-admin\\\\lib\\\\index.js\"}"}}
[debug] [2020-09-24T12:08:19.595Z] [runtime-status] [4848] Resolved module firebase-functions {"declared":true,"installed":true,"version":"3.11.0","resolution":"C:\\Users\\pasha\\Desktop\\amazon\\functions\\node_modules\\firebase-functions\\lib\\index.js"} {"metadata":{"emulator":{"name":"functions"},"function":{"name":"api"},"message":"[runtime-status] [4848] Resolved module firebase-functions {\"declared\":true,\"installed\":true,\"version\":\"3.11.0\",\"resolution\":\"C:\\\\Users\\\\pasha\\\\Desktop\\\\amazon\\\\functions\\\\node_modules\\\\firebase-functions\\\\lib\\\\index.js\"}"}}
[debug] [2020-09-24T12:08:19.595Z] [runtime-status] [4848] firebase-admin has been stubbed. {"adminResolution":{"declared":true,"installed":true,"version":"8.13.0","resolution":"C:\\Users\\pasha\\Desktop\\amazon\\functions\\node_modules\\firebase-admin\\lib\\index.js"}} {"metadata":{"emulator":{"name":"functions"},"function":{"name":"api"},"message":"[runtime-status] [4848] firebase-admin has been stubbed. {\"adminResolution\":{\"declared\":true,\"installed\":true,\"version\":\"8.13.0\",\"resolution\":\"C:\\\\Users\\\\pasha\\\\Desktop\\\\amazon\\\\functions\\\\node_modules\\\\firebase-admin\\\\lib\\\\index.js\"}}"}}
[debug] [2020-09-24T12:08:19.750Z] [runtime-status] [4848] Trigger "api" has been found, beginning invocation! {"metadata":{"emulator":{"name":"functions"},"function":{"name":"api"},"message":"[runtime-status] [4848] Trigger \"api\" has been found, beginning invocation!"}}
[info] i  functions: Beginning execution of "api" {"metadata":{"emulator":{"name":"functions"},"function":{"name":"api"},"message":"Beginning execution of \"api\""}}
[debug] [2020-09-24T12:08:19.751Z] [runtime-status] [4848] triggerDefinition {"httpsTrigger":{},"name":"api","entryPoint":"api"} {"metadata":{"emulator":{"name":"functions"},"function":{"name":"api"},"message":"[runtime-status] [4848] triggerDefinition {\"httpsTrigger\":{},\"name\":\"api\",\"entryPoint\":\"api\"}"}}
[debug] [2020-09-24T12:08:19.751Z] [runtime-status] [4848] Running api in mode HTTPS {"metadata":{"emulator":{"name":"functions"},"function":{"name":"api"},"message":"[runtime-status] [4848] Running api in mode HTTPS"}}
[debug] [2020-09-24T12:08:19.755Z] [runtime-status] [4848] Attempting to listen to socketPath: \\?\pipe\C:\Users\pasha\Desktop\amazon\functions\4848 {"metadata":{"emulator":{"name":"functions"},"function":{"name":"api"},"message":"[runtime-status] [4848] Attempting to listen to socketPath: \\\\?\\pipe\\C:\\Users\\pasha\\Desktop\\amazon\\functions\\4848"}}
[debug] [2020-09-24T12:08:19.764Z] [functions] Runtime ready! Sending request! {"metadata":{"emulator":{"name":"functions"},"message":"[functions] Runtime ready! Sending request!"}}
[debug] [2020-09-24T12:08:19.773Z] [runtime-status] [4848] Ephemeral server handling GET request {"metadata":{"emulator":{"name":"functions"},"function":{"name":"api"},"message":"[runtime-status] [4848] Ephemeral server handling GET request"}}
[debug] [2020-09-24T12:08:19.781Z] [runtime-status] [4848] Ephemeral server survived. {"metadata":{"emulator":{"name":"functions"},"function":{"name":"api"},"message":"[runtime-status] [4848] Ephemeral server survived."}}
[info] i  functions: Finished "api" in ~1s {"metadata":{"emulator":{"name":"functions"},"function":{"name":"api"},"message":"Finished \"api\" in ~1s"}}
[debug] [2020-09-24T12:08:19.786Z] [worker-api-e4c6f8b0-c8df-4c9c-866a-54188d800779]: IDLE {"metadata":{"emulator":{"name":"functions"},"message":"[worker-api-e4c6f8b0-c8df-4c9c-866a-54188d800779]: IDLE"}}
[debug] [2020-09-24T12:08:19.786Z] [work-queue] {"queueLength":0,"workRunningCount":0}
[debug] [2020-09-24T12:08:19.978Z] Functions emulator received unknown request at path /favicon.ico
[debug] [2020-09-24T12:17:17.938Z] File C:\Users\pasha\Desktop\amazon\functions\index.js changed, reloading triggers {"metadata":{"emulator":{"name":"functions"},"message":"File C:\\Users\\pasha\\Desktop\\amazon\\functions\\index.js changed, reloading triggers"}}
[debug] [2020-09-24T12:17:18.942Z] [worker-pool] Shutting down IDLE worker (~diagnostic~) {"metadata":{"emulator":{"name":"functions"},"message":"[worker-pool] Shutting down IDLE worker (~diagnostic~)"}}
[debug] [2020-09-24T12:17:18.943Z] [worker-~diagnostic~-e826f15e-541e-4c6d-a7a5-15eb8417a7d6]: FINISHING {"metadata":{"emulator":{"name":"functions"},"message":"[worker-~diagnostic~-e826f15e-541e-4c6d-a7a5-15eb8417a7d6]: FINISHING"}}
[debug] [2020-09-24T12:17:18.943Z] [worker-pool] Shutting down IDLE worker (api) {"metadata":{"emulator":{"name":"functions"},"message":"[worker-pool] Shutting down IDLE worker (api)"}}
[debug] [2020-09-24T12:17:18.944Z] [worker-api-e4c6f8b0-c8df-4c9c-866a-54188d800779]: FINISHING {"metadata":{"emulator":{"name":"functions"},"message":"[worker-api-e4c6f8b0-c8df-4c9c-866a-54188d800779]: FINISHING"}}
[debug] [2020-09-24T12:17:18.951Z] [worker-pool] addWorker(~diagnostic~) {"metadata":{"emulator":{"name":"functions"},"message":"[worker-pool] addWorker(~diagnostic~)"}}
[debug] [2020-09-24T12:17:18.951Z] [worker-pool] Adding worker with key ~diagnostic~, total=2 {"metadata":{"emulator":{"name":"functions"},"message":"[worker-pool] Adding worker with key ~diagnostic~, total=2"}}
[debug] [2020-09-24T12:17:18.951Z] [worker-pool] submitWork(triggerId=) {"metadata":{"emulator":{"name":"functions"},"message":"[worker-pool] submitWork(triggerId=)"}}
[debug] [2020-09-24T12:17:18.951Z] [worker-~diagnostic~-bcb9d970-abb1-4776-809a-dde62c1e184b]: Assigning socketPath: \\?\pipe\C:\Users\pasha\Desktop\amazon\functions\12860 {"metadata":{"emulator":{"name":"functions"},"message":"[worker-~diagnostic~-bcb9d970-abb1-4776-809a-dde62c1e184b]: Assigning socketPath: \\\\?\\pipe\\C:\\Users\\pasha\\Desktop\\amazon\\functions\\12860"}}
[debug] [2020-09-24T12:17:18.951Z] [worker-~diagnostic~-bcb9d970-abb1-4776-809a-dde62c1e184b]: BUSY {"metadata":{"emulator":{"name":"functions"},"message":"[worker-~diagnostic~-bcb9d970-abb1-4776-809a-dde62c1e184b]: BUSY"}}
[debug] [2020-09-24T12:17:18.952Z] [worker-api-e4c6f8b0-c8df-4c9c-866a-54188d800779]: exited {"metadata":{"emulator":{"name":"functions"},"message":"[worker-api-e4c6f8b0-c8df-4c9c-866a-54188d800779]: exited"}}
[debug] [2020-09-24T12:17:18.952Z] [worker-api-e4c6f8b0-c8df-4c9c-866a-54188d800779]: FINISHED {"metadata":{"emulator":{"name":"functions"},"message":"[worker-api-e4c6f8b0-c8df-4c9c-866a-54188d800779]: FINISHED"}}
[debug] [2020-09-24T12:17:18.952Z] [worker-~diagnostic~-e826f15e-541e-4c6d-a7a5-15eb8417a7d6]: exited {"metadata":{"emulator":{"name":"functions"},"message":"[worker-~diagnostic~-e826f15e-541e-4c6d-a7a5-15eb8417a7d6]: exited"}}
[debug] [2020-09-24T12:17:18.952Z] [worker-~diagnostic~-e826f15e-541e-4c6d-a7a5-15eb8417a7d6]: FINISHED {"metadata":{"emulator":{"name":"functions"},"message":"[worker-~diagnostic~-e826f15e-541e-4c6d-a7a5-15eb8417a7d6]: FINISHED"}}
[debug] [2020-09-24T12:17:19.417Z] [runtime-status] [12860] Functions runtime initialized. {"cwd":"C:\\Users\\pasha\\Desktop\\amazon\\functions","node_version":"14.9.0"} {"metadata":{"emulator":{"name":"functions"},"message":"[runtime-status] [12860] Functions runtime initialized. {\"cwd\":\"C:\\\\Users\\\\pasha\\\\Desktop\\\\amazon\\\\functions\",\"node_version\":\"14.9.0\"}"}}
[debug] [2020-09-24T12:17:19.422Z] [runtime-status] [12860] Disabled runtime features: undefined {"metadata":{"emulator":{"name":"functions"},"message":"[runtime-status] [12860] Disabled runtime features: undefined"}}
[debug] [2020-09-24T12:17:19.425Z] [runtime-status] [12860] Resolved module firebase-admin {"declared":true,"installed":true,"version":"8.13.0","resolution":"C:\\Users\\pasha\\Desktop\\amazon\\functions\\node_modules\\firebase-admin\\lib\\index.js"} {"metadata":{"emulator":{"name":"functions"},"message":"[runtime-status] [12860] Resolved module firebase-admin {\"declared\":true,\"installed\":true,\"version\":\"8.13.0\",\"resolution\":\"C:\\\\Users\\\\pasha\\\\Desktop\\\\amazon\\\\functions\\\\node_modules\\\\firebase-admin\\\\lib\\\\index.js\"}"}}
[debug] [2020-09-24T12:17:19.427Z] [runtime-status] [12860] Resolved module firebase-functions {"declared":true,"installed":true,"version":"3.11.0","resolution":"C:\\Users\\pasha\\Desktop\\amazon\\functions\\node_modules\\firebase-functions\\lib\\index.js"} {"metadata":{"emulator":{"name":"functions"},"message":"[runtime-status] [12860] Resolved module firebase-functions {\"declared\":true,\"installed\":true,\"version\":\"3.11.0\",\"resolution\":\"C:\\\\Users\\\\pasha\\\\Desktop\\\\amazon\\\\functions\\\\node_modules\\\\firebase-functions\\\\lib\\\\index.js\"}"}}
[debug] [2020-09-24T12:17:19.428Z] [runtime-status] [12860] Resolved module firebase-functions {"declared":true,"installed":true,"version":"3.11.0","resolution":"C:\\Users\\pasha\\Desktop\\amazon\\functions\\node_modules\\firebase-functions\\lib\\index.js"} {"metadata":{"emulator":{"name":"functions"},"message":"[runtime-status] [12860] Resolved module firebase-functions {\"declared\":true,\"installed\":true,\"version\":\"3.11.0\",\"resolution\":\"C:\\\\Users\\\\pasha\\\\Desktop\\\\amazon\\\\functions\\\\node_modules\\\\firebase-functions\\\\lib\\\\index.js\"}"}}
[debug] [2020-09-24T12:17:19.430Z] [runtime-status] [12860] Outgoing network have been stubbed. [{"name":"http","status":"mocked"},{"name":"http","status":"mocked"},{"name":"https","status":"mocked"},{"name":"https","status":"mocked"},{"name":"net","status":"mocked"}] {"metadata":{"emulator":{"name":"functions"},"message":"[runtime-status] [12860] Outgoing network have been stubbed. [{\"name\":\"http\",\"status\":\"mocked\"},{\"name\":\"http\",\"status\":\"mocked\"},{\"name\":\"https\",\"status\":\"mocked\"},{\"name\":\"https\",\"status\":\"mocked\"},{\"name\":\"net\",\"status\":\"mocked\"}]"}}
[debug] [2020-09-24T12:17:19.431Z] [runtime-status] [12860] Resolved module firebase-functions {"declared":true,"installed":true,"version":"3.11.0","resolution":"C:\\Users\\pasha\\Desktop\\amazon\\functions\\node_modules\\firebase-functions\\lib\\index.js"} {"metadata":{"emulator":{"name":"functions"},"message":"[runtime-status] [12860] Resolved module firebase-functions {\"declared\":true,\"installed\":true,\"version\":\"3.11.0\",\"resolution\":\"C:\\\\Users\\\\pasha\\\\Desktop\\\\amazon\\\\functions\\\\node_modules\\\\firebase-functions\\\\lib\\\\index.js\"}"}}
[debug] [2020-09-24T12:17:19.480Z] [runtime-status] [12860] Checked functions.config() {"config":{}} {"metadata":{"emulator":{"name":"functions"},"message":"[runtime-status] [12860] Checked functions.config() {\"config\":{}}"}}
[debug] [2020-09-24T12:17:19.480Z] [runtime-status] [12860] firebase-functions has been stubbed. {"functionsResolution":{"declared":true,"installed":true,"version":"3.11.0","resolution":"C:\\Users\\pasha\\Desktop\\amazon\\functions\\node_modules\\firebase-functions\\lib\\index.js"}} {"metadata":{"emulator":{"name":"functions"},"message":"[runtime-status] [12860] firebase-functions has been stubbed. {\"functionsResolution\":{\"declared\":true,\"installed\":true,\"version\":\"3.11.0\",\"resolution\":\"C:\\\\Users\\\\pasha\\\\Desktop\\\\amazon\\\\functions\\\\node_modules\\\\firebase-functions\\\\lib\\\\index.js\"}}"}}
[debug] [2020-09-24T12:17:19.481Z] [runtime-status] [12860] Resolved module firebase-functions {"declared":true,"installed":true,"version":"3.11.0","resolution":"C:\\Users\\pasha\\Desktop\\amazon\\functions\\node_modules\\firebase-functions\\lib\\index.js"} {"metadata":{"emulator":{"name":"functions"},"message":"[runtime-status] [12860] Resolved module firebase-functions {\"declared\":true,\"installed\":true,\"version\":\"3.11.0\",\"resolution\":\"C:\\\\Users\\\\pasha\\\\Desktop\\\\amazon\\\\functions\\\\node_modules\\\\firebase-functions\\\\lib\\\\index.js\"}"}}
[debug] [2020-09-24T12:17:19.482Z] [runtime-status] [12860] Resolved module firebase-admin {"declared":true,"installed":true,"version":"8.13.0","resolution":"C:\\Users\\pasha\\Desktop\\amazon\\functions\\node_modules\\firebase-admin\\lib\\index.js"} {"metadata":{"emulator":{"name":"functions"},"message":"[runtime-status] [12860] Resolved module firebase-admin {\"declared\":true,\"installed\":true,\"version\":\"8.13.0\",\"resolution\":\"C:\\\\Users\\\\pasha\\\\Desktop\\\\amazon\\\\functions\\\\node_modules\\\\firebase-admin\\\\lib\\\\index.js\"}"}}
[debug] [2020-09-24T12:17:19.482Z] [runtime-status] [12860] Resolved module firebase-functions {"declared":true,"installed":true,"version":"3.11.0","resolution":"C:\\Users\\pasha\\Desktop\\amazon\\functions\\node_modules\\firebase-functions\\lib\\index.js"} {"metadata":{"emulator":{"name":"functions"},"message":"[runtime-status] [12860] Resolved module firebase-functions {\"declared\":true,\"installed\":true,\"version\":\"3.11.0\",\"resolution\":\"C:\\\\Users\\\\pasha\\\\Desktop\\\\amazon\\\\functions\\\\node_modules\\\\firebase-functions\\\\lib\\\\index.js\"}"}}
[debug] [2020-09-24T12:17:19.482Z] [runtime-status] [12860] firebase-admin has been stubbed. {"adminResolution":{"declared":true,"installed":true,"version":"8.13.0","resolution":"C:\\Users\\pasha\\Desktop\\amazon\\functions\\node_modules\\firebase-admin\\lib\\index.js"}} {"metadata":{"emulator":{"name":"functions"},"message":"[runtime-status] [12860] firebase-admin has been stubbed. {\"adminResolution\":{\"declared\":true,\"installed\":true,\"version\":\"8.13.0\",\"resolution\":\"C:\\\\Users\\\\pasha\\\\Desktop\\\\amazon\\\\functions\\\\node_modules\\\\firebase-admin\\\\lib\\\\index.js\"}}"}}
[debug] [2020-09-24T12:17:19.633Z] [worker-~diagnostic~-bcb9d970-abb1-4776-809a-dde62c1e184b]: IDLE {"metadata":{"emulator":{"name":"functions"},"message":"[worker-~diagnostic~-bcb9d970-abb1-4776-809a-dde62c1e184b]: IDLE"}}
[debug] [2020-09-24T12:21:23.454Z] File C:\Users\pasha\Desktop\amazon\functions\index.js changed, reloading triggers {"metadata":{"emulator":{"name":"functions"},"message":"File C:\\Users\\pasha\\Desktop\\amazon\\functions\\index.js changed, reloading triggers"}}
[debug] [2020-09-24T12:21:24.466Z] [worker-pool] Shutting down IDLE worker (~diagnostic~) {"metadata":{"emulator":{"name":"functions"},"message":"[worker-pool] Shutting down IDLE worker (~diagnostic~)"}}
[debug] [2020-09-24T12:21:24.466Z] [worker-~diagnostic~-bcb9d970-abb1-4776-809a-dde62c1e184b]: FINISHING {"metadata":{"emulator":{"name":"functions"},"message":"[worker-~diagnostic~-bcb9d970-abb1-4776-809a-dde62c1e184b]: FINISHING"}}
[debug] [2020-09-24T12:21:24.466Z] [worker-pool] Cleaned up workers for ~diagnostic~: 2 --> 1 {"metadata":{"emulator":{"name":"functions"},"message":"[worker-pool] Cleaned up workers for ~diagnostic~: 2 --> 1"}}
[debug] [2020-09-24T12:21:24.466Z] [worker-pool] Cleaned up workers for api: 1 --> 0 {"metadata":{"emulator":{"name":"functions"},"message":"[worker-pool] Cleaned up workers for api: 1 --> 0"}}
[debug] [2020-09-24T12:21:24.471Z] [worker-pool] addWorker(~diagnostic~) {"metadata":{"emulator":{"name":"functions"},"message":"[worker-pool] addWorker(~diagnostic~)"}}
[debug] [2020-09-24T12:21:24.471Z] [worker-pool] Adding worker with key ~diagnostic~, total=2 {"metadata":{"emulator":{"name":"functions"},"message":"[worker-pool] Adding worker with key ~diagnostic~, total=2"}}
[debug] [2020-09-24T12:21:24.472Z] [worker-pool] submitWork(triggerId=) {"metadata":{"emulator":{"name":"functions"},"message":"[worker-pool] submitWork(triggerId=)"}}
[debug] [2020-09-24T12:21:24.472Z] [worker-~diagnostic~-f594ca98-ddd7-4218-beda-cc7b60d50082]: Assigning socketPath: \\?\pipe\C:\Users\pasha\Desktop\amazon\functions\8060 {"metadata":{"emulator":{"name":"functions"},"message":"[worker-~diagnostic~-f594ca98-ddd7-4218-beda-cc7b60d50082]: Assigning socketPath: \\\\?\\pipe\\C:\\Users\\pasha\\Desktop\\amazon\\functions\\8060"}}
[debug] [2020-09-24T12:21:24.472Z] [worker-~diagnostic~-f594ca98-ddd7-4218-beda-cc7b60d50082]: BUSY {"metadata":{"emulator":{"name":"functions"},"message":"[worker-~diagnostic~-f594ca98-ddd7-4218-beda-cc7b60d50082]: BUSY"}}
[debug] [2020-09-24T12:21:24.476Z] [worker-~diagnostic~-bcb9d970-abb1-4776-809a-dde62c1e184b]: exited {"metadata":{"emulator":{"name":"functions"},"message":"[worker-~diagnostic~-bcb9d970-abb1-4776-809a-dde62c1e184b]: exited"}}
[debug] [2020-09-24T12:21:24.476Z] [worker-~diagnostic~-bcb9d970-abb1-4776-809a-dde62c1e184b]: FINISHED {"metadata":{"emulator":{"name":"functions"},"message":"[worker-~diagnostic~-bcb9d970-abb1-4776-809a-dde62c1e184b]: FINISHED"}}
[debug] [2020-09-24T12:21:25.231Z] [runtime-status] [8060] Functions runtime initialized. {"cwd":"C:\\Users\\pasha\\Desktop\\amazon\\functions","node_version":"14.9.0"} {"metadata":{"emulator":{"name":"functions"},"message":"[runtime-status] [8060] Functions runtime initialized. {\"cwd\":\"C:\\\\Users\\\\pasha\\\\Desktop\\\\amazon\\\\functions\",\"node_version\":\"14.9.0\"}"}}
[debug] [2020-09-24T12:21:25.237Z] [runtime-status] [8060] Disabled runtime features: undefined {"metadata":{"emulator":{"name":"functions"},"message":"[runtime-status] [8060] Disabled runtime features: undefined"}}
[debug] [2020-09-24T12:21:25.240Z] [runtime-status] [8060] Resolved module firebase-admin {"declared":true,"installed":true,"version":"8.13.0","resolution":"C:\\Users\\pasha\\Desktop\\amazon\\functions\\node_modules\\firebase-admin\\lib\\index.js"} {"metadata":{"emulator":{"name":"functions"},"message":"[runtime-status] [8060] Resolved module firebase-admin {\"declared\":true,\"installed\":true,\"version\":\"8.13.0\",\"resolution\":\"C:\\\\Users\\\\pasha\\\\Desktop\\\\amazon\\\\functions\\\\node_modules\\\\firebase-admin\\\\lib\\\\index.js\"}"}}
[debug] [2020-09-24T12:21:25.243Z] [runtime-status] [8060] Resolved module firebase-functions {"declared":true,"installed":true,"version":"3.11.0","resolution":"C:\\Users\\pasha\\Desktop\\amazon\\functions\\node_modules\\firebase-functions\\lib\\index.js"} {"metadata":{"emulator":{"name":"functions"},"message":"[runtime-status] [8060] Resolved module firebase-functions {\"declared\":true,\"installed\":true,\"version\":\"3.11.0\",\"resolution\":\"C:\\\\Users\\\\pasha\\\\Desktop\\\\amazon\\\\functions\\\\node_modules\\\\firebase-functions\\\\lib\\\\index.js\"}"}}
[debug] [2020-09-24T12:21:25.246Z] [runtime-status] [8060] Resolved module firebase-functions {"declared":true,"installed":true,"version":"3.11.0","resolution":"C:\\Users\\pasha\\Desktop\\amazon\\functions\\node_modules\\firebase-functions\\lib\\index.js"} {"metadata":{"emulator":{"name":"functions"},"message":"[runtime-status] [8060] Resolved module firebase-functions {\"declared\":true,\"installed\":true,\"version\":\"3.11.0\",\"resolution\":\"C:\\\\Users\\\\pasha\\\\Desktop\\\\amazon\\\\functions\\\\node_modules\\\\firebase-functions\\\\lib\\\\index.js\"}"}}
[debug] [2020-09-24T12:21:25.249Z] [runtime-status] [8060] Outgoing network have been stubbed. [{"name":"http","status":"mocked"},{"name":"http","status":"mocked"},{"name":"https","status":"mocked"},{"name":"https","status":"mocked"},{"name":"net","status":"mocked"}] {"metadata":{"emulator":{"name":"functions"},"message":"[runtime-status] [8060] Outgoing network have been stubbed. [{\"name\":\"http\",\"status\":\"mocked\"},{\"name\":\"http\",\"status\":\"mocked\"},{\"name\":\"https\",\"status\":\"mocked\"},{\"name\":\"https\",\"status\":\"mocked\"},{\"name\":\"net\",\"status\":\"mocked\"}]"}}
[debug] [2020-09-24T12:21:25.250Z] [runtime-status] [8060] Resolved module firebase-functions {"declared":true,"installed":true,"version":"3.11.0","resolution":"C:\\Users\\pasha\\Desktop\\amazon\\functions\\node_modules\\firebase-functions\\lib\\index.js"} {"metadata":{"emulator":{"name":"functions"},"message":"[runtime-status] [8060] Resolved module firebase-functions {\"declared\":true,\"installed\":true,\"version\":\"3.11.0\",\"resolution\":\"C:\\\\Users\\\\pasha\\\\Desktop\\\\amazon\\\\functions\\\\node_modules\\\\firebase-functions\\\\lib\\\\index.js\"}"}}
[debug] [2020-09-24T12:21:25.313Z] [runtime-status] [8060] Checked functions.config() {"config":{}} {"metadata":{"emulator":{"name":"functions"},"message":"[runtime-status] [8060] Checked functions.config() {\"config\":{}}"}}
[debug] [2020-09-24T12:21:25.313Z] [runtime-status] [8060] firebase-functions has been stubbed. {"functionsResolution":{"declared":true,"installed":true,"version":"3.11.0","resolution":"C:\\Users\\pasha\\Desktop\\amazon\\functions\\node_modules\\firebase-functions\\lib\\index.js"}} {"metadata":{"emulator":{"name":"functions"},"message":"[runtime-status] [8060] firebase-functions has been stubbed. {\"functionsResolution\":{\"declared\":true,\"installed\":true,\"version\":\"3.11.0\",\"resolution\":\"C:\\\\Users\\\\pasha\\\\Desktop\\\\amazon\\\\functions\\\\node_modules\\\\firebase-functions\\\\lib\\\\index.js\"}}"}}
[debug] [2020-09-24T12:21:25.314Z] [runtime-status] [8060] Resolved module firebase-functions {"declared":true,"installed":true,"version":"3.11.0","resolution":"C:\\Users\\pasha\\Desktop\\amazon\\functions\\node_modules\\firebase-functions\\lib\\index.js"} {"metadata":{"emulator":{"name":"functions"},"message":"[runtime-status] [8060] Resolved module firebase-functions {\"declared\":true,\"installed\":true,\"version\":\"3.11.0\",\"resolution\":\"C:\\\\Users\\\\pasha\\\\Desktop\\\\amazon\\\\functions\\\\node_modules\\\\firebase-functions\\\\lib\\\\index.js\"}"}}
[debug] [2020-09-24T12:21:25.315Z] [runtime-status] [8060] Resolved module firebase-admin {"declared":true,"installed":true,"version":"8.13.0","resolution":"C:\\Users\\pasha\\Desktop\\amazon\\functions\\node_modules\\firebase-admin\\lib\\index.js"} {"metadata":{"emulator":{"name":"functions"},"message":"[runtime-status] [8060] Resolved module firebase-admin {\"declared\":true,\"installed\":true,\"version\":\"8.13.0\",\"resolution\":\"C:\\\\Users\\\\pasha\\\\Desktop\\\\amazon\\\\functions\\\\node_modules\\\\firebase-admin\\\\lib\\\\index.js\"}"}}
[debug] [2020-09-24T12:21:25.315Z] [runtime-status] [8060] Resolved module firebase-functions {"declared":true,"installed":true,"version":"3.11.0","resolution":"C:\\Users\\pasha\\Desktop\\amazon\\functions\\node_modules\\firebase-functions\\lib\\index.js"} {"metadata":{"emulator":{"name":"functions"},"message":"[runtime-status] [8060] Resolved module firebase-functions {\"declared\":true,\"installed\":true,\"version\":\"3.11.0\",\"resolution\":\"C:\\\\Users\\\\pasha\\\\Desktop\\\\amazon\\\\functions\\\\node_modules\\\\firebase-functions\\\\lib\\\\index.js\"}"}}
[debug] [2020-09-24T12:21:25.315Z] [runtime-status] [8060] firebase-admin has been stubbed. {"adminResolution":{"declared":true,"installed":true,"version":"8.13.0","resolution":"C:\\Users\\pasha\\Desktop\\amazon\\functions\\node_modules\\firebase-admin\\lib\\index.js"}} {"metadata":{"emulator":{"name":"functions"},"message":"[runtime-status] [8060] firebase-admin has been stubbed. {\"adminResolution\":{\"declared\":true,\"installed\":true,\"version\":\"8.13.0\",\"resolution\":\"C:\\\\Users\\\\pasha\\\\Desktop\\\\amazon\\\\functions\\\\node_modules\\\\firebase-admin\\\\lib\\\\index.js\"}}"}}
[debug] [2020-09-24T12:21:25.491Z] [worker-~diagnostic~-f594ca98-ddd7-4218-beda-cc7b60d50082]: IDLE {"metadata":{"emulator":{"name":"functions"},"message":"[worker-~diagnostic~-f594ca98-ddd7-4218-beda-cc7b60d50082]: IDLE"}}
[debug] [2020-09-24T12:26:54.241Z] [worker-~diagnostic~-f594ca98-ddd7-4218-beda-cc7b60d50082]: exited {"metadata":{"emulator":{"name":"functions"},"message":"[worker-~diagnostic~-f594ca98-ddd7-4218-beda-cc7b60d50082]: exited"}}
